{
"contracts/Raffle.sol":{"l":{"62":3,"63":3,"64":3,"65":3,"66":3,"67":3,"68":3,"69":3,"73":5,"74":1,"76":4,"77":1,"79":3,"80":3,"87":0,"88":0,"89":0,"90":0,"91":0,"92":0,"93":0,"94":0,"95":0,"97":0,"101":1,"102":1,"103":0,"110":1,"111":1,"118":1,"138":1,"139":1,"140":1,"141":1,"142":1,"147":5,"151":1,"155":0,"159":1,"163":0,"167":0,"171":0,"175":0,"179":5},"path":"/home/alanle1011/hardhat_course/hardhat-smartcontract-lottery/contracts/Raffle.sol","s":{"1":3,"2":3,"3":3,"4":3,"5":3,"6":3,"7":3,"8":3,"9":5,"10":4,"11":3,"12":3,"13":0,"14":0,"15":0,"16":0,"17":0,"18":0,"19":0,"20":0,"21":0,"22":1,"23":1,"24":1,"25":1,"26":1,"27":1,"28":1,"29":1,"30":1,"31":1,"32":5,"33":1,"34":0,"35":1,"36":0,"37":0,"38":0,"39":0,"40":5},"b":{"1":[1,4],"2":[1,3],"3":[0,0],"4":[0,1]},"f":{"1":3,"2":5,"3":0,"4":1,"5":1,"6":5,"7":1,"8":0,"9":1,"10":0,"11":0,"12":0,"13":0,"14":5},"fnMap":{"1":{"name":"constructor","line":61,"loc":{"start":{"line":54,"column":4},"end":{"line":70,"column":4}}},"2":{"name":"enterRaffle","line":72,"loc":{"start":{"line":72,"column":4},"end":{"line":81,"column":4}}},"3":{"name":"fulfillRandomWords","line":83,"loc":{"start":{"line":83,"column":4},"end":{"line":98,"column":4}}},"4":{"name":"performUpkeep","line":100,"loc":{"start":{"line":100,"column":4},"end":{"line":119,"column":4}}},"5":{"name":"checkUpkeep","line":130,"loc":{"start":{"line":130,"column":4},"end":{"line":143,"column":4}}},"6":{"name":"getEntranceFee","line":146,"loc":{"start":{"line":146,"column":4},"end":{"line":148,"column":4}}},"7":{"name":"getPlayer","line":150,"loc":{"start":{"line":150,"column":4},"end":{"line":152,"column":4}}},"8":{"name":"getRecentWinner","line":154,"loc":{"start":{"line":154,"column":4},"end":{"line":156,"column":4}}},"9":{"name":"getRaffleState","line":158,"loc":{"start":{"line":158,"column":4},"end":{"line":160,"column":4}}},"10":{"name":"getNumWord","line":162,"loc":{"start":{"line":162,"column":4},"end":{"line":164,"column":4}}},"11":{"name":"getNumberOfPlayer","line":166,"loc":{"start":{"line":166,"column":4},"end":{"line":168,"column":4}}},"12":{"name":"getLatestTimeStamp","line":170,"loc":{"start":{"line":170,"column":4},"end":{"line":172,"column":4}}},"13":{"name":"getRequestConfirmations","line":174,"loc":{"start":{"line":174,"column":4},"end":{"line":176,"column":4}}},"14":{"name":"getInterval","line":178,"loc":{"start":{"line":178,"column":4},"end":{"line":180,"column":4}}}},"statementMap":{"1":{"start":{"line":62,"column":8},"end":{"line":62,"column":34}},"2":{"start":{"line":63,"column":8},"end":{"line":63,"column":69}},"3":{"start":{"line":64,"column":8},"end":{"line":64,"column":26}},"4":{"start":{"line":65,"column":8},"end":{"line":65,"column":40}},"5":{"start":{"line":66,"column":8},"end":{"line":66,"column":44}},"6":{"start":{"line":67,"column":8},"end":{"line":67,"column":39}},"7":{"start":{"line":68,"column":8},"end":{"line":68,"column":40}},"8":{"start":{"line":69,"column":8},"end":{"line":69,"column":28}},"9":{"start":{"line":73,"column":8},"end":{"line":73,"column":2371}},"10":{"start":{"line":76,"column":8},"end":{"line":76,"column":2472}},"11":{"start":{"line":79,"column":8},"end":{"line":79,"column":42}},"12":{"start":{"line":80,"column":8},"end":{"line":80,"column":36}},"13":{"start":{"line":87,"column":8},"end":{"line":87,"column":65}},"14":{"start":{"line":88,"column":8},"end":{"line":88,"column":63}},"15":{"start":{"line":89,"column":8},"end":{"line":89,"column":36}},"16":{"start":{"line":90,"column":8},"end":{"line":90,"column":39}},"17":{"start":{"line":91,"column":8},"end":{"line":91,"column":43}},"18":{"start":{"line":92,"column":8},"end":{"line":92,"column":40}},"19":{"start":{"line":93,"column":8},"end":{"line":93,"column":78}},"20":{"start":{"line":94,"column":8},"end":{"line":94,"column":3168}},"21":{"start":{"line":97,"column":8},"end":{"line":97,"column":39}},"22":{"start":{"line":101,"column":8},"end":{"line":101,"column":47}},"23":{"start":{"line":102,"column":8},"end":{"line":102,"column":3423}},"24":{"start":{"line":110,"column":8},"end":{"line":110,"column":46}},"25":{"start":{"line":111,"column":8},"end":{"line":111,"column":3683}},"26":{"start":{"line":118,"column":8},"end":{"line":118,"column":45}},"27":{"start":{"line":138,"column":8},"end":{"line":138,"column":55}},"28":{"start":{"line":139,"column":8},"end":{"line":139,"column":74}},"29":{"start":{"line":140,"column":8},"end":{"line":140,"column":48}},"30":{"start":{"line":141,"column":8},"end":{"line":141,"column":51}},"31":{"start":{"line":142,"column":8},"end":{"line":142,"column":72}},"32":{"start":{"line":147,"column":8},"end":{"line":147,"column":28}},"33":{"start":{"line":151,"column":8},"end":{"line":151,"column":31}},"34":{"start":{"line":155,"column":8},"end":{"line":155,"column":29}},"35":{"start":{"line":159,"column":8},"end":{"line":159,"column":28}},"36":{"start":{"line":163,"column":8},"end":{"line":163,"column":24}},"37":{"start":{"line":167,"column":8},"end":{"line":167,"column":31}},"38":{"start":{"line":171,"column":8},"end":{"line":171,"column":30}},"39":{"start":{"line":175,"column":8},"end":{"line":175,"column":36}},"40":{"start":{"line":179,"column":8},"end":{"line":179,"column":25}}},"branchMap":{"1":{"line":73,"type":"if","locations":[{"start":{"line":73,"column":8},"end":{"line":73,"column":8}},{"start":{"line":73,"column":8},"end":{"line":73,"column":8}}]},"2":{"line":76,"type":"if","locations":[{"start":{"line":76,"column":8},"end":{"line":76,"column":8}},{"start":{"line":76,"column":8},"end":{"line":76,"column":8}}]},"3":{"line":94,"type":"if","locations":[{"start":{"line":94,"column":8},"end":{"line":94,"column":8}},{"start":{"line":94,"column":8},"end":{"line":94,"column":8}}]},"4":{"line":102,"type":"if","locations":[{"start":{"line":102,"column":8},"end":{"line":102,"column":8}},{"start":{"line":102,"column":8},"end":{"line":102,"column":8}}]}}},
"contracts/test/VRFCoordinatorV2Mock.sol":{"l":{},"path":"/home/alanle1011/hardhat_course/hardhat-smartcontract-lottery/contracts/test/VRFCoordinatorV2Mock.sol","s":{},"b":{},"f":{},"fnMap":{},"statementMap":{},"branchMap":{}}}
