TN:
SF:/home/alanle1011/hardhat_course/hardhat-smartcontract-lottery/contracts/Raffle.sol
FN:61,constructor
FN:72,enterRaffle
FN:83,fulfillRandomWords
FN:100,performUpkeep
FN:130,checkUpkeep
FN:146,getEntranceFee
FN:150,getPlayer
FN:154,getRecentWinner
FN:158,getRaffleState
FN:162,getNumWord
FN:166,getNumberOfPlayer
FN:170,getLatestTimeStamp
FN:174,getRequestConfirmations
FN:178,getInterval
FNF:14
FNH:8
FNDA:3,constructor
FNDA:5,enterRaffle
FNDA:0,fulfillRandomWords
FNDA:1,performUpkeep
FNDA:1,checkUpkeep
FNDA:5,getEntranceFee
FNDA:1,getPlayer
FNDA:0,getRecentWinner
FNDA:1,getRaffleState
FNDA:0,getNumWord
FNDA:0,getNumberOfPlayer
FNDA:0,getLatestTimeStamp
FNDA:0,getRequestConfirmations
FNDA:5,getInterval
DA:62,3
DA:63,3
DA:64,3
DA:65,3
DA:66,3
DA:67,3
DA:68,3
DA:69,3
DA:73,5
DA:74,1
DA:76,4
DA:77,1
DA:79,3
DA:80,3
DA:87,0
DA:88,0
DA:89,0
DA:90,0
DA:91,0
DA:92,0
DA:93,0
DA:94,0
DA:95,0
DA:97,0
DA:101,1
DA:102,1
DA:103,0
DA:110,1
DA:111,1
DA:118,1
DA:138,1
DA:139,1
DA:140,1
DA:141,1
DA:142,1
DA:147,5
DA:151,1
DA:155,0
DA:159,1
DA:163,0
DA:167,0
DA:171,0
DA:175,0
DA:179,5
LF:44
LH:28
BRDA:73,1,0,1
BRDA:73,1,1,4
BRDA:76,2,0,1
BRDA:76,2,1,3
BRDA:94,3,0,0
BRDA:94,3,1,0
BRDA:102,4,0,0
BRDA:102,4,1,1
BRF:8
BRH:5
end_of_record
TN:
SF:/home/alanle1011/hardhat_course/hardhat-smartcontract-lottery/contracts/test/VRFCoordinatorV2Mock.sol
FNF:0
FNH:0
LF:0
LH:0
BRF:0
BRH:0
end_of_record
